c:\users\aplstudent\downloads\portablegit-2.20.1-32-bit.7z\parkingsystem\parkingsystem\debug\vc120.pdb
c:\users\aplstudent\downloads\portablegit-2.20.1-32-bit.7z\parkingsystem\parkingsystem\debug\vc120.idb
c:\users\aplstudent\downloads\portablegit-2.20.1-32-bit.7z\parkingsystem\parkingsystem\debug\filemanager.obj
c:\users\aplstudent\downloads\portablegit-2.20.1-32-bit.7z\parkingsystem\parkingsystem\debug\messagehandler.obj
c:\users\aplstudent\downloads\portablegit-2.20.1-32-bit.7z\parkingsystem\parkingsystem\debug\parkingsystem.obj
c:\users\aplstudent\downloads\portablegit-2.20.1-32-bit.7z\parkingsystem\parkingsystem\debug\settingswindow.obj
k:\exes\programs\source\parkingsystem\parkingsystem\debug\vc120.pdb
k:\exes\programs\source\parkingsystem\parkingsystem\debug\vc120.idb
k:\exes\programs\source\parkingsystem\parkingsystem\debug\filemanager.obj
k:\exes\programs\source\parkingsystem\parkingsystem\debug\messagehandler.obj
k:\exes\programs\source\parkingsystem\parkingsystem\debug\parkingsystem.obj
c:\users\aplstudent\downloads\portablegit-2.20.1-32-bit.7z\parkingsystem\debug\parkingsystem.ilk
c:\users\aplstudent\downloads\portablegit-2.20.1-32-bit.7z\parkingsystem\debug\parkingsystem.exe
c:\users\aplstudent\downloads\portablegit-2.20.1-32-bit.7z\parkingsystem\debug\parkingsystem.pdb
c:\users\aplstudent\downloads\portablegit-2.20.1-32-bit.7z\parkingsystem\parkingsystem\debug\parkingsystem.res
k:\exes\programs\source\parkingsystem\parkingsystem\debug\parkingsystem.res
k:\exes\programs\source\parkingsystem\parkingsystem\debug\settingswindow.obj
k:\exes\programs\source\parkingsystem\debug\parkingsystem.pdb
k:\exes\programs\source\parkingsystem\parkingsystem\debug\parkingsystem.tlog\cl.command.1.tlog
k:\exes\programs\source\parkingsystem\parkingsystem\debug\parkingsystem.tlog\cl.read.1.tlog
k:\exes\programs\source\parkingsystem\parkingsystem\debug\parkingsystem.tlog\cl.write.1.tlog
k:\exes\programs\source\parkingsystem\parkingsystem\debug\parkingsystem.tlog\link-cvtres.read.1.tlog
k:\exes\programs\source\parkingsystem\parkingsystem\debug\parkingsystem.tlog\link-cvtres.write.1.tlog
k:\exes\programs\source\parkingsystem\parkingsystem\debug\parkingsystem.tlog\link-mt.read.1.tlog
k:\exes\programs\source\parkingsystem\parkingsystem\debug\parkingsystem.tlog\link-mt.write.1.tlog
k:\exes\programs\source\parkingsystem\parkingsystem\debug\parkingsystem.tlog\link-rc.read.1.tlog
k:\exes\programs\source\parkingsystem\parkingsystem\debug\parkingsystem.tlog\link-rc.write.1.tlog
k:\exes\programs\source\parkingsystem\parkingsystem\debug\parkingsystem.tlog\link.command.1.tlog
k:\exes\programs\source\parkingsystem\parkingsystem\debug\parkingsystem.tlog\link.read.1.tlog
k:\exes\programs\source\parkingsystem\parkingsystem\debug\parkingsystem.tlog\link.write.1.tlog
k:\exes\programs\source\parkingsystem\parkingsystem\debug\parkingsystem.tlog\rc.command.1.tlog
k:\exes\programs\source\parkingsystem\parkingsystem\debug\parkingsystem.tlog\rc.read.1.tlog
k:\exes\programs\source\parkingsystem\parkingsystem\debug\parkingsystem.tlog\rc.write.1.tlog
